c:\users\sshre\onedrive\desktop\toyrobot\toyrobot\x64\debug\vc143.pdb
c:\users\sshre\onedrive\desktop\toyrobot\toyrobot\x64\debug\vc143.idb
c:\users\sshre\onedrive\desktop\toyrobot\toyrobot\x64\debug\toyrobot.obj
c:\users\sshre\onedrive\desktop\toyrobot\toyrobot\x64\debug\coordinates.obj
c:\users\sshre\onedrive\desktop\toyrobot\toyrobot\x64\debug\rotate_command.obj
c:\users\sshre\onedrive\desktop\toyrobot\toyrobot\x64\debug\robot.obj
c:\users\sshre\onedrive\desktop\toyrobot\toyrobot\x64\debug\report_command.obj
c:\users\sshre\onedrive\desktop\toyrobot\toyrobot\x64\debug\position.obj
c:\users\sshre\onedrive\desktop\toyrobot\toyrobot\x64\debug\place_command.obj
c:\users\sshre\onedrive\desktop\toyrobot\toyrobot\x64\debug\parser.obj
c:\users\sshre\onedrive\desktop\toyrobot\toyrobot\x64\debug\move_command.obj
c:\users\sshre\onedrive\desktop\toyrobot\toyrobot\x64\debug\grid.obj
c:\users\sshre\onedrive\desktop\toyrobot\toyrobot\x64\debug\direction.obj
c:\users\sshre\onedrive\desktop\toyrobot\toyrobot\x64\debug\toyrobot.ilk
c:\users\sshre\onedrive\desktop\toyrobot\x64\debug\toyrobot.exe
c:\users\sshre\onedrive\desktop\toyrobot\x64\debug\toyrobot.pdb
c:\users\sshre\onedrive\desktop\toyrobot\toyrobot\x64\debug\toyrobot.tlog\cl.command.1.tlog
c:\users\sshre\onedrive\desktop\toyrobot\toyrobot\x64\debug\toyrobot.tlog\cl.read.1.tlog
c:\users\sshre\onedrive\desktop\toyrobot\toyrobot\x64\debug\toyrobot.tlog\cl.write.1.tlog
c:\users\sshre\onedrive\desktop\toyrobot\toyrobot\x64\debug\toyrobot.tlog\link.command.1.tlog
c:\users\sshre\onedrive\desktop\toyrobot\toyrobot\x64\debug\toyrobot.tlog\link.read.1.tlog
c:\users\sshre\onedrive\desktop\toyrobot\toyrobot\x64\debug\toyrobot.tlog\link.write.1.tlog
